<?xml version="1.0" encoding="UTF-8"?>
<!-- Generated by org.testng.reporters.JUnitXMLReporter -->
<testsuite ignored="0" hostname="Madan" failures="0" tests="2" name="Negative Login Test" time="9.429" errors="0" timestamp="2025-07-24T18:08:49 IST">
  <testcase classname="sauseLab.tests.negativeLoginTest" name="negativeLogin_invalidPassword" time="0.351"/>
  <testcase classname="sauseLab.tests.negativeLoginTest" name="negativeLogin_lockedOutUser" time="0.414"/>
</testsuite> <!-- Negative Login Test -->
