<?xml version="1.0" encoding="UTF-8"?>
<!-- Generated by org.testng.reporters.JUnitXMLReporter -->
<testsuite ignored="0" hostname="Madan" failures="1" tests="2" name="Test" time="25.952" errors="0" timestamp="2025-07-23T18:47:47 IST">
  <testcase classname="sauseLab.tests.PlaceOrderTest" name="completeOrderWithTwoProducts" time="10.647">
    <skipped/>
  </testcase> <!-- completeOrderWithTwoProducts -->
  <testcase classname="sauseLab.tests.PlaceOrderTest" name="completeOrderWithTwoProducts" time="10.587">
    <failure type="java.lang.AssertionError" message="All added products should be present in the cart! expected [true] but found [false]">
      <![CDATA[java.lang.AssertionError: All added products should be present in the cart! expected [true] but found [false]
at sauseLab.tests.PlaceOrderTest.completeOrderWithTwoProducts(PlaceOrderTest.java:49)
at java.base/java.util.ArrayList.forEach(ArrayList.java:1596)
... Removed 28 stack frames]]>
    </failure>
  </testcase> <!-- completeOrderWithTwoProducts -->
</testsuite> <!-- Test -->
