<?xml version="1.0" encoding="UTF-8"?>
<!-- Generated by org.testng.reporters.JUnitXMLReporter -->
<testsuite ignored="0" hostname="Madan" failures="1" tests="5" name="All E2E Tests" time="84.265" errors="0" timestamp="2025-07-24T18:20:28 IST">
  <testcase classname="sauseLab.tests.PlaceOrderTest" name="PlaceOrder" time="21.484">
    <skipped/>
  </testcase> <!-- PlaceOrder -->
  <testcase classname="sauseLab.tests.PlaceOrderTest" name="PlaceOrder" time="21.382">
    <failure type="java.lang.AssertionError" message="Checkout info form rejected: Error: First Name is required">
      <![CDATA[java.lang.AssertionError: Checkout info form rejected: Error: First Name is required
at sauseLab.tests.PlaceOrderTest.PlaceOrder(PlaceOrderTest.java:115)
at java.base/java.util.ArrayList.forEach(ArrayList.java:1596)
... Removed 26 stack frames]]>
    </failure>
  </testcase> <!-- PlaceOrder -->
  <testcase classname="sauseLab.tests.negativeLoginTest" name="negativeLogin_invalidPassword" time="0.299"/>
  <testcase classname="sauseLab.tests.negativeLoginTest" name="negativeLogin_lockedOutUser" time="0.359"/>
  <testcase classname="sauseLab.tests.RemoveItemFromCartTest" name="removeProductFromCart" time="20.667"/>
</testsuite> <!-- All E2E Tests -->
