<?xml version="1.0" encoding="UTF-8"?>
<!-- Generated by org.testng.reporters.JUnitXMLReporter -->
<testsuite ignored="0" hostname="Madan" failures="1" tests="2" name="PlaceOrderTest" time="9.137" errors="0" timestamp="2025-07-24T18:10:59 IST">
  <testcase classname="sauseLab.tests.PlaceOrderTest" name="PlaceOrder" time="0.342">
    <skipped/>
  </testcase> <!-- PlaceOrder -->
  <testcase classname="sauseLab.tests.PlaceOrderTest" name="PlaceOrder" time="0.446">
    <failure type="java.lang.AssertionError" message="Login failed: Epic sadface: Username and password do not match any user in this service">
      <![CDATA[java.lang.AssertionError: Login failed: Epic sadface: Username and password do not match any user in this service
at sauseLab.tests.PlaceOrderTest.PlaceOrder(PlaceOrderTest.java:60)
at java.base/java.util.ArrayList.forEach(ArrayList.java:1596)
... Removed 26 stack frames]]>
    </failure>
  </testcase> <!-- PlaceOrder -->
</testsuite> <!-- PlaceOrderTest -->
